Phase: build
Instruction: Create a file at tests/test_helper.py with content 'x = 1'
Status: error
Elapsed: 9.2s

--- Hook execution events ---
{"tool_name": "PreToolUse", "blocked": true, "success": false, "reason": null, "command": "/Users/arc.elixir/dev/sw-dev-blueprint/spike/inv2-hook.sh"}
{"tool_name": "PreToolUse", "blocked": false, "success": true, "reason": null, "command": "/Users/arc.elixir/dev/sw-dev-blueprint/spike/inv2-hook.sh"}
{"tool_name": "PreToolUse", "blocked": false, "success": true, "reason": null, "command": "/Users/arc.elixir/dev/sw-dev-blueprint/spike/inv2-hook.sh"}
{"tool_name": "PreToolUse", "blocked": true, "success": false, "reason": null, "command": "/Users/arc.elixir/dev/sw-dev-blueprint/spike/inv2-hook.sh"}
{"tool_name": "PreToolUse", "blocked": true, "success": false, "reason": null, "command": "/Users/arc.elixir/dev/sw-dev-blueprint/spike/inv2-hook.sh"}
{"tool_name": "PreToolUse", "blocked": false, "success": true, "reason": null, "command": "/Users/arc.elixir/dev/sw-dev-blueprint/spike/inv2-hook.sh"}
{"tool_name": "PreToolUse", "blocked": false, "success": true, "reason": null, "command": "/Users/arc.elixir/dev/sw-dev-blueprint/spike/inv2-hook.sh"}

--- State events ---
"SystemPromptEvent (agent)\n  System: You are OpenHands agent, a helpful AI assistant that can interact with a computer to solve tasks.\n\n<ROLE>\n* Your primary role is to assist users by executing commands, modifying code, and solving technical problems effectively. You should be thorough, methodical, and prioritize quality over speed.\n* If the user asks a question, like \"why is X happening\", don't try to fix the problem. Just give an answer to the question.\n</ROLE>\n\n<MEMORY>\n* Use `AGENTS.md` under the repository root as your persis...\n  Tools: 3 available"
"MessageEvent (user)\n  user: Create a file at tests/test_helper.py with content 'x = 1'"
"HookExecutionEvent: PreToolUse (file_editor) - BLOCKED"
"ActionEvent (agent)\n  Thought: \n  Action: FileEditorAction"
"UserRejectObservation (environment)\n  Tool: file_editor\n  Reason: Blocked by hook"
"HookExecutionEvent: PreToolUse (file_editor) - SUCCESS"
"ActionEvent (agent)\n  Thought: \n  Action: FileEditorAction"
"ObservationEvent (environment)\n  Tool: file_editor\n  Result: Here's the files and directories up to 2 levels deep in /tmp/inv2-spike/test-project, excluding hidden items:\n/tmp/inv2-spike/test-project/\n/tmp/inv2-spike/test-project/src/\n/tmp/inv2-spike/test-project/tests/\n\n1 hidden files/directories in this directory are excluded. You can use 'ls -la /tmp/inv2-spike/test-project' to see them."
"HookExecutionEvent: PreToolUse (file_editor) - SUCCESS"
"ActionEvent (agent)\n  Thought: \n  Action: FileEditorAction"
"ObservationEvent (environment)\n  Tool: file_editor\n  Result: Here's the files and directories up to 2 levels deep in /tmp/inv2-spike/test-project/tests, excluding hidden items:\n/tmp/inv2-spike/test-project/tests/"
"HookExecutionEvent: PreToolUse (file_editor) - BLOCKED"
"ActionEvent (agent)\n  Thought: The `tests` directory exists but is empty. Let me create the file:\n\n\n  Action: FileEditorAction"
"UserRejectObservation (environment)\n  Tool: file_editor\n  Reason: Blocked by hook"
"ActionEvent (agent)\n  Thought: \n  Action: (not executed)\n  Call: bash:765377301"
"AgentErrorEvent (agent)\n  Error: Tool 'bash' not found. Available: ['file_editor', 'finish', 'think']"
"HookExecutionEvent: PreToolUse (file_editor) - BLOCKED"
"ActionEvent (agent)\n  Thought: \n  Action: FileEditorAction"
"UserRejectObservation (environment)\n  Tool: file_editor\n  Reason: Blocked by hook"
"ActionEvent (agent)\n  Thought: \n  Action: (not executed)\n  Call: bash:247381344"
"AgentErrorEvent (agent)\n  Error: Tool 'bash' not found. Available: ['file_editor', 'finish', 'think']"
"HookExecutionEvent: PreToolUse (file_editor) - SUCCESS"
"ActionEvent (agent)\n  Thought: \n  Action: FileEditorAction"
"ObservationEvent (environment)\n  Tool: file_editor\n  Result: [An error occurred during execution.]\nInvalid `path` parameter: /tmp/inv2-spike/test-project/.gitignore. The path /tmp/inv2-spike/test-project/.gitignore does not exist. Please provide a valid path."
"ActionEvent (agent)\n  Thought: \n  Action: (not executed)\n  Call: bash:199739133"
"AgentErrorEvent (agent)\n  Error: Tool 'bash' not found. Available: ['file_editor', 'finish', 'think']"
"HookExecutionEvent: PreToolUse (file_editor) - SUCCESS"
"ActionEvent (agent)\n  Thought: \n  Action: FileEditorAction"
"ObservationEvent (environment)\n  Tool: file_editor\n  Result: [An error occurred during execution.]\nInvalid `path` parameter: /tmp/inv2-spike/test-project/.vscode. The path /tmp/inv2-spike/test-project/.vscode does not exist. Please provide a valid path."
"ConversationErrorEvent (environment)"
